<?xml version="1.0" encoding="UTF-8"?>
<!-- Generated by org.testng.reporters.JUnitReportReporter -->
<testsuite skipped="0" hostname="anand-PC" name="com.oculushealth.test.BookAppointmentTest" tests="1" failures="0" timestamp="2020-12-24T01:52:02 IST" time="15.211" errors="0">
  <testcase name="bookAppointment" time="15.211" classname="com.oculushealth.test.BookAppointmentTest"/>
  <system-out>
bookAppointment script started Thu Dec 24 01:51:46 IST 2020 bookAppointment executed successfully Thu Dec 24 01:52:02 IST 2020  </system-out>
</testsuite> <!-- com.oculushealth.test.BookAppointmentTest -->
