<?xml version="1.0" encoding="UTF-8"?>
<!-- Generated by org.testng.reporters.JUnitReportReporter -->
<testsuite skipped="0" hostname="Yoda-PC" name="com.oculushealth.test.BookAppointmentTest" tests="1" failures="0" timestamp="2020-12-28T22:14:00 IST" time="174.200" errors="0">
  <testcase name="bookAppointment" time="174.200" classname="com.oculushealth.test.BookAppointmentTest"/>
  <system-out>
bookAppointment script started Mon Dec 28 22:11:05 IST 2020 bookAppointment executed successfully Mon Dec 28 22:13:59 IST 2020  </system-out>
</testsuite> <!-- com.oculushealth.test.BookAppointmentTest -->
