<?xml version="1.0" encoding="UTF-8"?>
<!-- Generated by org.testng.reporters.JUnitReportReporter -->
<testsuite skipped="0" hostname="anand-PC" name="com.oculushealth.test.BookAppointmentTest" tests="1" failures="0" timestamp="2020-12-24T20:48:32 IST" time="147.679" errors="0">
  <testcase name="bookAppointment" time="147.679" classname="com.oculushealth.test.BookAppointmentTest"/>
  <system-out>
bookAppointment script started Thu Dec 24 20:46:04 IST 2020 bookAppointment executed successfully Thu Dec 24 20:48:32 IST 2020  </system-out>
</testsuite> <!-- com.oculushealth.test.BookAppointmentTest -->
